-r-xr-xr-x     386828 bin32/dbdsn
-r-xr-xr-x     336300 bin32/dbfhide
-r-xr-xr-x     702716 bin32/dbisqlc
-r-xr-xr-x     378720 bin32/dblocate
-r-xr-xr-x     353020 bin32/dbping
-r-xr-xr-x     524356 bin32/dbsupport
-r-xr-xr-x       5250 bin32/htmlview
-r-xr-xr-x     448272 bin64/dbdsn
-r-xr-xr-x     387088 bin64/dbfhide
-r-xr-xr-x     813984 bin64/dbisqlc
-r-xr-xr-x     439800 bin64/dblocate
-r-xr-xr-x     405328 bin64/dbping
-r-xr-xr-x     604352 bin64/dbsupport
-r-xr-xr-x       5250 bin64/htmlview
-r-xr-xr-x     319880 deployment/bin32/csconvert
-r-xr-xr-x    1268824 deployment/bin32/dbinstall
-r-xr-xr-x     189292 deployment/bin32/gsetup
-r-xr-xr-x     372240 deployment/bin64/csconvert
-r-xr-xr-x    1323696 deployment/bin64/dbinstall
-r-xr-xr-x     207512 deployment/bin64/gsetup
-rw-r--r--     283533 deployment/deploy.noarch.tic
-r-xr-xr-x       5039 deployment/deployment_wizard.sh
lrwxrwxrwx         15 deployment/lib32/libdbicu12.so
-r-xr-xr-x    1312264 deployment/lib32/libdbicu12.so.1
lrwxrwxrwx         17 deployment/lib32/libdbicu12_r.so
-r-xr-xr-x    1314824 deployment/lib32/libdbicu12_r.so.1
lrwxrwxrwx         17 deployment/lib32/libdbtasks12.so
-r-xr-xr-x      72196 deployment/lib32/libdbtasks12.so.1
lrwxrwxrwx         19 deployment/lib32/libdbtasks12_r.so
-r-xr-xr-x      81732 deployment/lib32/libdbtasks12_r.so.1
lrwxrwxrwx         15 deployment/lib64/libdbicu12.so
-r-xr-xr-x    1554008 deployment/lib64/libdbicu12.so.1
lrwxrwxrwx         17 deployment/lib64/libdbicu12_r.so
-r-xr-xr-x    1555352 deployment/lib64/libdbicu12_r.so.1
lrwxrwxrwx         17 deployment/lib64/libdbtasks12.so
-r-xr-xr-x      91152 deployment/lib64/libdbtasks12.so.1
lrwxrwxrwx         19 deployment/lib64/libdbtasks12_r.so
-r-xr-xr-x      99864 deployment/lib64/libdbtasks12_r.so.1
-r--r--r--    4345744 deployment/res/dbicudt12.dat
-r--r--r--      10737 deployment/res/language/all_langs_icon_resources_utf8.txt
-r-xr-xr-x      22542 deployment/res/language/common.sh
-r--r--r--      71596 deployment/res/language/de/messages.txt
-r--r--r--      65603 deployment/res/language/en/messages.txt
-r--r--r--      65577 deployment/res/language/fr/messages.txt
-r--r--r--      80244 deployment/res/language/ja/messages.txt
-r--r--r--      62957 deployment/res/language/zh/messages.txt
-r--r--r--       1157 deployment/res/scripts/array.sh
-r--r--r--       2150 deployment/res/scripts/checkupdates.sh
-r-xr-xr-x       1104 deployment/res/scripts/cleanup.sh
-r--r--r--       1538 deployment/res/scripts/client_flow.sh
-r--r--r--       5812 deployment/res/scripts/cmdline.sh
-r-xr-xr-x       4873 deployment/res/scripts/component_spt.sh
-rw-r--r--        365 deployment/res/scripts/config.sh
-r--r--r--      24515 deployment/res/scripts/console_ui.sh
-r--r--r--        407 deployment/res/scripts/csconvert.sh
-r--r--r--       1023 deployment/res/scripts/csh_support.sh
-r--r--r--       8807 deployment/res/scripts/dbcloud.sh
-r--r--r--       3558 deployment/res/scripts/dbcloud_flow.sh
-r--r--r--       1280 deployment/res/scripts/deploy_flow.sh
-r--r--r--        722 deployment/res/scripts/deploy_wizard.sh
-r--r--r--       7706 deployment/res/scripts/directory.sh
-r--r--r--       1947 deployment/res/scripts/diskspace.sh
-r--r--r--        979 deployment/res/scripts/distro.sh
-r--r--r--       1570 deployment/res/scripts/doc_flow.sh
-r--r--r--      30508 deployment/res/scripts/generated.sh
-r-xr-xr-x      57664 deployment/res/scripts/installicon.sh
-r--r--r--      10415 deployment/res/scripts/interactive_ui.sh
-r-xr-xr-x        614 deployment/res/scripts/language.sh
-r--r--r--       6744 deployment/res/scripts/license.sh
-r--r--r--        403 deployment/res/scripts/licenser_flow.sh
-r--r--r--       2944 deployment/res/scripts/links.sh
-r--r--r--       3744 deployment/res/scripts/options.sh
-r--r--r--       3241 deployment/res/scripts/os.sh
-r--r--r--       7654 deployment/res/scripts/package.sh
-r--r--r--        989 deployment/res/scripts/panel.sh
-r--r--r--       2644 deployment/res/scripts/platform.sh
-rw-r--r--       3068 deployment/res/scripts/populate_menus.sh
-r--r--r--       2197 deployment/res/scripts/registration.sh
-r--r--r--        756 deployment/res/scripts/rollback.sh
-r--r--r--      21601 deployment/res/scripts/runinstall.sh
-r--r--r--       7004 deployment/res/scripts/samon.sh
-r--r--r--       3449 deployment/res/scripts/samon_flow.sh
-r--r--r--        831 deployment/res/scripts/sh_support.sh
-r-xr-xr-x       1012 deployment/res/scripts/shortcuts.sh
-r-xr-xr-x        538 deployment/res/scripts/sighndlr.sh
-r--r--r--       5883 deployment/res/scripts/silent_ui.sh
-r--r--r--       5259 deployment/res/scripts/standard_flow.sh
-r--r--r--       1639 deployment/res/scripts/summary.sh
-r--r--r--        926 deployment/res/scripts/ui.sh
-r--r--r--       3084 deployment/res/scripts/upgrade.sh
-r-xr-xr-x       1007 deployment/res/scripts/user.sh
-r--r--r--       2998 deployment/res/scripts/utility.sh
-r--r--r--       2376 deployment/res/scripts/versioning.sh
-r--r--r--     435576 java/jodbc.jar
-r--r--r--     319360 java/jodbc4.jar
-r--r--r--     275846 java/sajdbc.jar
-r--r--r--     318650 java/sajdbc4.jar
lrwxrwxrwx         14 lib32/libdbcapi.so
-r-xr-xr-x      85688 lib32/libdbcapi.so.1
lrwxrwxrwx         16 lib32/libdbcapi_r.so
-r-xr-xr-x      85756 lib32/libdbcapi_r.so.1
lrwxrwxrwx         15 lib32/libdbicu12.so
-r-xr-xr-x    1312340 lib32/libdbicu12.so.1
lrwxrwxrwx         17 lib32/libdbicu12_r.so
-r-xr-xr-x    1314904 lib32/libdbicu12_r.so.1
lrwxrwxrwx         17 lib32/libdbicudt12.so
-r-xr-xr-x    4350208 lib32/libdbicudt12.so.1
lrwxrwxrwx         16 lib32/libdbjdbc12.so
-r-xr-xr-x    2039852 lib32/libdbjdbc12.so.1
lrwxrwxrwx         17 lib32/libdbjodbc12.so
-r-xr-xr-x     606524 lib32/libdbjodbc12.so.1
lrwxrwxrwx         15 lib32/libdblib12.so
-r-xr-xr-x    1036584 lib32/libdblib12.so.1
lrwxrwxrwx         17 lib32/libdblib12_r.so
-r-xr-xr-x    1065004 lib32/libdblib12_r.so.1
lrwxrwxrwx         16 lib32/libdbodbc12.so
-r-xr-xr-x     143348 lib32/libdbodbc12.so.1
lrwxrwxrwx         18 lib32/libdbodbc12_n.so
-r-xr-xr-x    1220972 lib32/libdbodbc12_n.so.1
lrwxrwxrwx         18 lib32/libdbodbc12_r.so
-r-xr-xr-x    1246700 lib32/libdbodbc12_r.so.1
lrwxrwxrwx         22 lib32/libdbodbcansi12_r.so
-r-xr-xr-x    1245808 lib32/libdbodbcansi12_r.so.1
lrwxrwxrwx         22 lib32/libdbodbcinst12_r.so
-r-xr-xr-x     363676 lib32/libdbodbcinst12_r.so.1
lrwxrwxrwx         15 lib32/libdbodm12.so
-r-xr-xr-x     467164 lib32/libdbodm12.so.1
lrwxrwxrwx         17 lib32/libdbtasks12.so
-r-xr-xr-x      72276 lib32/libdbtasks12.so.1
lrwxrwxrwx         19 lib32/libdbtasks12_r.so
-r-xr-xr-x      81812 lib32/libdbtasks12_r.so.1
lrwxrwxrwx         18 lib32/libdbtool12_r.so
-r-xr-xr-x    1678272 lib32/libdbtool12_r.so.1
lrwxrwxrwx         17 lib32/libmljodbc12.so
-r-xr-xr-x     606524 lib32/libmljodbc12.so.1
lrwxrwxrwx         20 lib32/libodbcinst.so
lrwxrwxrwx         22 lib32/libodbcinst.so.1
lrwxrwxrwx         14 lib64/libdbcapi.so
-r-xr-xr-x     102944 lib64/libdbcapi.so.1
lrwxrwxrwx         16 lib64/libdbcapi_r.so
-r-xr-xr-x     102984 lib64/libdbcapi_r.so.1
lrwxrwxrwx         15 lib64/libdbicu12.so
-r-xr-xr-x    1554104 lib64/libdbicu12.so.1
lrwxrwxrwx         17 lib64/libdbicu12_r.so
-r-xr-xr-x    1555456 lib64/libdbicu12_r.so.1
lrwxrwxrwx         17 lib64/libdbicudt12.so
-r-xr-xr-x    4351688 lib64/libdbicudt12.so.1
lrwxrwxrwx         16 lib64/libdbjdbc12.so
-r-xr-xr-x    2448520 lib64/libdbjdbc12.so.1
lrwxrwxrwx         17 lib64/libdbjodbc12.so
-r-xr-xr-x     731760 lib64/libdbjodbc12.so.1
lrwxrwxrwx         15 lib64/libdblib12.so
-r-xr-xr-x    1249784 lib64/libdblib12.so.1
lrwxrwxrwx         17 lib64/libdblib12_r.so
-r-xr-xr-x    1285784 lib64/libdblib12_r.so.1
lrwxrwxrwx         16 lib64/libdbodbc12.so
-r-xr-xr-x     192632 lib64/libdbodbc12.so.1
lrwxrwxrwx         18 lib64/libdbodbc12_n.so
-r-xr-xr-x    1445592 lib64/libdbodbc12_n.so.1
lrwxrwxrwx         18 lib64/libdbodbc12_r.so
-r-xr-xr-x    1480696 lib64/libdbodbc12_r.so.1
lrwxrwxrwx         22 lib64/libdbodbcansi12_r.so
-r-xr-xr-x    1479008 lib64/libdbodbcansi12_r.so.1
lrwxrwxrwx         22 lib64/libdbodbcinst12_r.so
-r-xr-xr-x     475904 lib64/libdbodbcinst12_r.so.1
lrwxrwxrwx         15 lib64/libdbodm12.so
-r-xr-xr-x     608456 lib64/libdbodm12.so.1
lrwxrwxrwx         17 lib64/libdbtasks12.so
-r-xr-xr-x      91256 lib64/libdbtasks12.so.1
lrwxrwxrwx         19 lib64/libdbtasks12_r.so
-r-xr-xr-x      99968 lib64/libdbtasks12_r.so.1
lrwxrwxrwx         18 lib64/libdbtool12_r.so
-r-xr-xr-x    1937760 lib64/libdbtool12_r.so.1
lrwxrwxrwx         17 lib64/libmljodbc12.so
-r-xr-xr-x     731760 lib64/libmljodbc12.so.1
lrwxrwxrwx         20 lib64/libodbcinst.so
lrwxrwxrwx         22 lib64/libodbcinst.so.1
-r-xr-xr-x       2569 readme
-r--r--r--      28730 readme_de.txt
-r--r--r--      24724 readme_en.txt
-r--r--r--      24472 readme_fr.txt
-r--r--r--      32734 readme_ja.txt
-r--r--r--      22992 readme_zh.txt
-r--r--r--       6441 res/DBConsole.png
-r--r--r--      15206 res/InteractiveSQL.png
-r--r--r--      15364 res/MobiLinkMonitor.png
-r--r--r--       1016 res/SAMonitor16.png
-r--r--r--       5452 res/SQLAnywhere.png
-r--r--r--       5975 res/SQLAnywhereServer.png
-r--r--r--      15103 res/SybaseCentral.png
-r--r--r--     652100 res/dblgde12_iso_1.res
-r--r--r--     658276 res/dblgde12_utf8.res
-r--r--r--     564060 res/dblgen12.res
-r--r--r--     685668 res/dblgfr12_iso_1.res
-r--r--r--     700972 res/dblgfr12_utf8.res
-r--r--r--     620004 res/dblgja12_eucjis.res
-r--r--r--     619996 res/dblgja12_sjis.res
-r--r--r--     814436 res/dblgja12_utf8.res
-r--r--r--     421748 res/dblgzh12_cp936.res
-r--r--r--     421732 res/dblgzh12_eucgb.res
-r--r--r--     524548 res/dblgzh12_utf8.res
-r--r--r--       5777 sdk/c/sacapidll.c
-r--r--r--      39077 sdk/include/sacapi.h
-r--r--r--      11876 sdk/include/sacapidll.h
-r--r--r--       2028 selinux/README
-r-xr-xr-x        139 selinux/buildfc.sh
-r--r--r--       1135 selinux/sqlanywhere.fct
-r--r--r--       2341 selinux/sqlanywhere.if
-r--r--r--       6880 selinux/sqlanywhere.te
-r--r--r--      11964 support/de/ianywhere.html
-r--r--r--      10317 support/en/ianywhere.html
-r--r--r--      11188 support/fr/ianywhere.html
-r--r--r--      11223 support/ja/ianywhere.html
-r--r--r--       9279 support/zh/ianywhere.html
-r--r--r--     120479 thirdpartylegal/SAOnDemand1ThirdPartyLegal.pdf
-r--r--r--       2264 thirdpartylegal/SAOnDemand1ThirdPartyLegal.txt
-r--r--r--     207814 thirdpartylegal/SQLAnywhere12ThirdPartyLegal.pdf
-r--r--r--      53431 thirdpartylegal/SQLAnywhere12ThirdPartyLegal.txt
-r--r--r--       6008 tix/default.tix
-r-xr-xr-x      96786 uninstall.sh
ok
